[0.402s] Invoking command in '/home/manas/controller/src/controller': PYTHONPATH=/home/manas/controller/build/controller/prefix_override:/usr/lib/python3/dist-packages/colcon_core/task/python/colcon_distutils_commands:/home/manas/controller/install/controller/lib/python3.10/site-packages:${PYTHONPATH} /usr/bin/python3 -W ignore:setup.py install is deprecated -W ignore:easy_install command is deprecated setup.py egg_info --egg-base ../../build/controller build --build-base /home/manas/controller/build/controller/build install --record /home/manas/controller/build/controller/install.log --single-version-externally-managed install_data
[0.535s] running egg_info
[0.535s] writing ../../build/controller/controller.egg-info/PKG-INFO
[0.537s] writing dependency_links to ../../build/controller/controller.egg-info/dependency_links.txt
[0.537s] writing entry points to ../../build/controller/controller.egg-info/entry_points.txt
[0.537s] writing requirements to ../../build/controller/controller.egg-info/requires.txt
[0.537s] writing top-level names to ../../build/controller/controller.egg-info/top_level.txt
[0.538s] reading manifest file '../../build/controller/controller.egg-info/SOURCES.txt'
[0.539s] writing manifest file '../../build/controller/controller.egg-info/SOURCES.txt'
[0.539s] running build
[0.539s] running build_py
[0.539s] copying controller/controller_node.py -> /home/manas/controller/build/controller/build/lib/controller
[0.539s] running install
[0.539s] running install_lib
[0.540s] copying /home/manas/controller/build/controller/build/lib/controller/controller_node.py -> /home/manas/controller/install/controller/lib/python3.10/site-packages/controller
[0.540s] byte-compiling /home/manas/controller/install/controller/lib/python3.10/site-packages/controller/controller_node.py to controller_node.cpython-310.pyc
[0.540s] running install_data
[0.540s] running install_egg_info
[0.542s] removing '/home/manas/controller/install/controller/lib/python3.10/site-packages/controller-0.0.0-py3.10.egg-info' (and everything under it)
[0.542s] Copying ../../build/controller/controller.egg-info to /home/manas/controller/install/controller/lib/python3.10/site-packages/controller-0.0.0-py3.10.egg-info
[0.542s] running install_scripts
[0.555s] Installing controller_node script to /home/manas/controller/install/controller/lib/controller
[0.555s] writing list of installed files to '/home/manas/controller/build/controller/install.log'
[0.567s] Invoked command in '/home/manas/controller/src/controller' returned '0': PYTHONPATH=/home/manas/controller/build/controller/prefix_override:/usr/lib/python3/dist-packages/colcon_core/task/python/colcon_distutils_commands:/home/manas/controller/install/controller/lib/python3.10/site-packages:${PYTHONPATH} /usr/bin/python3 -W ignore:setup.py install is deprecated -W ignore:easy_install command is deprecated setup.py egg_info --egg-base ../../build/controller build --build-base /home/manas/controller/build/controller/build install --record /home/manas/controller/build/controller/install.log --single-version-externally-managed install_data
